WeatherAPILib/build/intermediates/manifest_merge_blame_file/debug/processDebugManifest/manifest-merger-blame-debug-report.txt
1<?xml version="1.0" encoding="utf-8"?>
2<!--
3 - WeatherAPILib
4 -
5 - This file was automatically generated by APIMATIC v2.0 ( https://apimatic.io ).
6-->
7<manifest xmlns:android="http://schemas.android.com/apk/res/android"
8    package="com.weatherapi.api" >
9
10    <uses-sdk android:minSdkVersion="21" />
11
12    <uses-permission android:name="android.permission.INTERNET" />
12-->src\main\AndroidManifest.xml:8:5-67
12-->src\main\AndroidManifest.xml:8:22-64
13
14    <application
14-->src\main\AndroidManifest.xml:9:5-12:19
15        android:allowBackup="true"
15-->src\main\AndroidManifest.xml:9:18-44
16        android:label="@string/app_name" >
16-->src\main\AndroidManifest.xml:10:9-41
17    </application>
18
19</manifest>